Build started 11/22/2025 5:37:12 PM.
     1>Project "C:\Users\Kirill\Desktop\TEST\Eco.Lab2_TEST\Eco.Lab1\AssemblyFiles\Windows\VisualStudio_10\Eco.Lab1UnitTest.vcxproj" on node 2 (build target(s)).
     1>InitializeBuildStatus:
         Creating "Eco.Lab1UnitTest\StaticDebug\Eco.Lab1UnitTest.unsuccessfulbuild" because "AlwaysCreate" was specified.
       ClCompile:
         C:\Program Files (x86)\Microsoft Visual Studio 10.0\VC\bin\CL.exe /c /I..\..\..\SharedFiles /I..\..\..\HeaderFiles /IC:\Users\Kirill\Desktop\TEST\Eco.Framework\Eco.Core1\SharedFiles /IC:\Users\Kirill\Desktop\TEST\Eco.Framework\Eco.InterfaceBus1\SharedFiles /IC:\Users\Kirill\Desktop\TEST\Eco.Framework\Eco.System1\SharedFiles /IC:\Users\Kirill\Desktop\TEST\Eco.Framework\Eco.MemoryManager1\SharedFiles /IC:\Users\Kirill\Desktop\TEST\Eco.Framework\Eco.FileSystemManagement1\SharedFiles /IC:\Users\Kirill\Desktop\TEST\Eco.Framework\Eco.List1\SharedFiles /IC:\Users\Kirill\Desktop\TEST\Eco.Lab2\Eco.CalculatorA\SharedFiles /IC:\Users\Kirill\Desktop\TEST\Eco.Lab2\Eco.CalculatorB\SharedFiles /IC:\Users\Kirill\Desktop\TEST\Eco.Lab2\Eco.CalculatorC\SharedFiles /IC:\Users\Kirill\Desktop\TEST\Eco.Lab2\Eco.CalculatorD\SharedFiles /IC:\Users\Kirill\Desktop\TEST\Eco.Lab2\Eco.CalculatorE\SharedFiles /IC:\Users\Kirill\Desktop\TEST\Eco.Lab2_TEST\Eco.Lab1\UnitTestFiles\HeaderFiles /ZI /nologo /W3 /WX- /Od /Oy- /D WIN32 /D _DEBUG /D _CONSOLE /D UGUID_UTILITY /D ECO_X86_32 /D ECO_WINDOWS /D ECO_WIN32 /D ECO_LIB /D _UNICODE /D UNICODE /Gm /EHsc /RTC1 /MTd /GS /fp:precise /Zc:wchar_t /Zc:forScope /Fo"Eco.Lab1UnitTest\StaticDebug\\" /Fd"Eco.Lab1UnitTest\StaticDebug\vc100.pdb" /Gz /TC /analyze- /errorReport:prompt ..\..\..\UnitTestFiles\SourceFiles\CEcoLab1Sink.c ..\..\..\UnitTestFiles\SourceFiles\EcoLab1.c
         EcoLab1.c
     1>c:\users\kirill\desktop\test\eco.lab2_test\eco.lab1\unittestfiles\sourcefiles\ecolab1.c(118): warning C4244: 'function' : conversion from 'time_t' to 'unsigned int', possible loss of data
     1>c:\users\kirill\desktop\test\eco.lab2_test\eco.lab1\unittestfiles\sourcefiles\ecolab1.c(236): warning C4018: '<' : signed/unsigned mismatch
     1>c:\users\kirill\desktop\test\eco.lab2_test\eco.lab1\unittestfiles\sourcefiles\ecolab1.c(242): warning C4018: '<' : signed/unsigned mismatch
         CEcoLab1Sink.c
         Generating Code...
       Link:
         C:\Program Files (x86)\Microsoft Visual Studio 10.0\VC\bin\link.exe /ERRORREPORT:PROMPT /OUT:"C:\Users\Kirill\Desktop\TEST\Eco.Lab2_TEST\Eco.Lab1\AssemblyFiles\Windows\VisualStudio_10\Eco.Lab1UnitTest\StaticDebug\Eco.Lab1UnitTest.exe" /INCREMENTAL:NO /NOLOGO /LIBPATH:..\..\..\BuildFiles\Windows\x86\StaticDebug\ /LIBPATH:C:\Users\Kirill\Desktop\TEST\Eco.Framework\Eco.InterfaceBus1\BuildFiles\Windows\x86\StaticRelease\ /LIBPATH:C:\Users\Kirill\Desktop\TEST\Eco.Framework\Eco.System1\BuildFiles\Windows\x86\StaticRelease\ /LIBPATH:C:\Users\Kirill\Desktop\TEST\Eco.Framework\Eco.MemoryManager1\BuildFiles\Windows\x86\StaticRelease\ /LIBPATH:C:\Users\Kirill\Desktop\TEST\Eco.Framework\Eco.FileSystemManagement1\BuildFiles\Windows\x86\StaticRelease\ 1F5DF16EE1BF43B999A434ED38FE8F3A.lib 00000000000000000000000042757331.lib 0000000000000000000000004D656D31.lib 00000000000000000000000046534D31.lib 00000000000000000000000053595332.lib kernel32.lib user32.lib gdi32.lib winspool.lib comdlg32.lib advapi32.lib shell32.lib ole32.lib oleaut32.lib uuid.lib odbc32.lib odbccp32.lib /MANIFEST /ManifestFile:"Eco.Lab1UnitTest\StaticDebug\Eco.Lab1UnitTest.exe.intermediate.manifest" /MANIFESTUAC:"level='asInvoker' uiAccess='false'" /DEBUG /PDB:"C:\Users\Kirill\Desktop\TEST\Eco.Lab2_TEST\Eco.Lab1\AssemblyFiles\Windows\VisualStudio_10\Eco.Lab1UnitTest\StaticDebug\Eco.Lab1UnitTest.pdb" /SUBSYSTEM:CONSOLE /TLBID:1 /DYNAMICBASE /NXCOMPAT /IMPLIB:"C:\Users\Kirill\Desktop\TEST\Eco.Lab2_TEST\Eco.Lab1\AssemblyFiles\Windows\VisualStudio_10\Eco.Lab1UnitTest\StaticDebug\Eco.Lab1UnitTest.lib" /MACHINE:X86 Eco.Lab1UnitTest\StaticDebug\CEcoLab1Sink.obj
         Eco.Lab1UnitTest\StaticDebug\EcoLab1.obj
     1>LINK : fatal error LNK1181: cannot open input file '1F5DF16EE1BF43B999A434ED38FE8F3A.lib'
     1>Done Building Project "C:\Users\Kirill\Desktop\TEST\Eco.Lab2_TEST\Eco.Lab1\AssemblyFiles\Windows\VisualStudio_10\Eco.Lab1UnitTest.vcxproj" (build target(s)) -- FAILED.

Build FAILED.

Time Elapsed 00:00:00.56
